0 info it worked if it ends with ok
1 verbose cli [ '/usr/local/Cellar/node/7.4.0/bin/node',
1 verbose cli   '/usr/local/bin/npm',
1 verbose cli   'publish' ]
2 info using npm@4.0.5
3 info using node@v7.4.0
4 verbose publish [ '.' ]
5 silly cache add args [ '.', null ]
6 verbose cache add spec .
7 silly cache add parsed spec Result {
7 silly cache add   raw: '.',
7 silly cache add   scope: null,
7 silly cache add   escapedName: null,
7 silly cache add   name: null,
7 silly cache add   rawSpec: '.',
7 silly cache add   spec: '/Users/sarbull/work/ng-richtext',
7 silly cache add   type: 'directory' }
8 verbose addLocalDirectory /Users/sarbull/.npm/ng-richtext/0.0.3/package.tgz not in flight; packing
9 verbose correctMkdir /Users/sarbull/.npm correctMkdir not in flight; initializing
10 info lifecycle ng-richtext@0.0.3~prepublish: ng-richtext@0.0.3
11 silly lifecycle ng-richtext@0.0.3~prepublish: no script for prepublish, continuing
12 info lifecycle ng-richtext@0.0.3~prepare: ng-richtext@0.0.3
13 silly lifecycle ng-richtext@0.0.3~prepare: no script for prepare, continuing
14 verbose tar pack [ '/Users/sarbull/.npm/ng-richtext/0.0.3/package.tgz',
14 verbose tar pack   '/Users/sarbull/work/ng-richtext' ]
15 verbose tarball /Users/sarbull/.npm/ng-richtext/0.0.3/package.tgz
16 verbose folder /Users/sarbull/work/ng-richtext
17 verbose addLocalTarball adding from inside cache /Users/sarbull/.npm/ng-richtext/0.0.3/package.tgz
18 verbose correctMkdir /Users/sarbull/.npm correctMkdir not in flight; initializing
19 silly cache afterAdd ng-richtext@0.0.3
20 verbose afterAdd /Users/sarbull/.npm/ng-richtext/0.0.3/package/package.json not in flight; writing
21 verbose correctMkdir /Users/sarbull/.npm correctMkdir not in flight; initializing
22 verbose afterAdd /Users/sarbull/.npm/ng-richtext/0.0.3/package/package.json written
23 silly publish { name: 'ng-richtext',
23 silly publish   version: '0.0.3',
23 silly publish   description: 'AngularJS Richtext Component',
23 silly publish   main: 'src/index.js',
23 silly publish   scripts:
23 silly publish    { build: 'NODE_ENV=production webpack --bail --watch --progress --profile --config ./webpack.config.js',
23 silly publish      test: './node_modules/karma/bin/karma start karma.conf.js --single-run' },
23 silly publish   repository:
23 silly publish    { type: 'git',
23 silly publish      url: 'git+https://github.com/sarbull/ng-richtext.git' },
23 silly publish   keywords: [ 'angularjs', 'wysiwyg', 'javascript', 'richtext' ],
23 silly publish   author: { name: 'Cezar Sirbu' },
23 silly publish   license: 'MIT',
23 silly publish   bugs: { url: 'https://github.com/sarbull/ng-richtext/issues' },
23 silly publish   homepage: 'https://github.com/sarbull/ng-richtext#readme',
23 silly publish   dependencies: { angular: '1.6.4', jquery: '2.2.4' },
23 silly publish   devDependencies:
23 silly publish    { 'angular-mocks': '1.6.4',
23 silly publish      'babel-core': '6.18.2',
23 silly publish      'babel-loader': '6.2.7',
23 silly publish      'css-loader': '0.26.1',
23 silly publish      'expose-loader': '0.7.1',
23 silly publish      'extract-text-webpack-plugin': '2.1.0',
23 silly publish      'html-loader': '0.4.4',
23 silly publish      'jasmine-core': '^2.5.2',
23 silly publish      karma: '^1.6.0',
23 silly publish      'karma-chrome-launcher': '^2.0.0',
23 silly publish      'karma-jasmine': '^1.1.0',
23 silly publish      'karma-webpack': '^2.0.3',
23 silly publish      less: '2.7.1',
23 silly publish      'less-loader': '2.2.3',
23 silly publish      'style-loader': '0.13.1',
23 silly publish      webpack: '2.2.1' },
23 silly publish   readme: '# ng-richtext\n\n# Build\n```bash\n$ npm install\n$ npm run build\n```',
23 silly publish   readmeFilename: 'README.md',
23 silly publish   gitHead: '5699c4c2ff678f2f4b1a7e21596c360f0c89b2ac',
23 silly publish   _id: 'ng-richtext@0.0.3',
23 silly publish   _shasum: '07f369e1cc6e0e7211dcb57d04dede7a877ba4ab',
23 silly publish   _from: '.' }
24 info lifecycle ng-richtext@0.0.3~prepublishOnly: ng-richtext@0.0.3
25 silly lifecycle ng-richtext@0.0.3~prepublishOnly: no script for prepublishOnly, continuing
26 verbose getPublishConfig undefined
27 silly mapToRegistry name ng-richtext
28 silly mapToRegistry using default registry
29 silly mapToRegistry registry https://registry.npmjs.org/
30 silly mapToRegistry data Result {
30 silly mapToRegistry   raw: 'ng-richtext',
30 silly mapToRegistry   scope: null,
30 silly mapToRegistry   escapedName: 'ng-richtext',
30 silly mapToRegistry   name: 'ng-richtext',
30 silly mapToRegistry   rawSpec: '',
30 silly mapToRegistry   spec: 'latest',
30 silly mapToRegistry   type: 'tag' }
31 silly mapToRegistry uri https://registry.npmjs.org/ng-richtext
32 verbose publish registryBase https://registry.npmjs.org/
33 silly publish uploading /Users/sarbull/.npm/ng-richtext/0.0.3/package.tgz
34 verbose request uri https://registry.npmjs.org/ng-richtext
35 verbose request sending authorization for write operation
36 info attempt registry request try #1 at 3:38:03 PM
37 verbose request using bearer token for auth
38 verbose request id e3e9adcdd4c6a08e
39 http request PUT https://registry.npmjs.org/ng-richtext
40 http 403 https://registry.npmjs.org/ng-richtext
41 verbose headers { 'content-type': 'application/json',
41 verbose headers   'cache-control': 'max-age=300',
41 verbose headers   'content-length': '95',
41 verbose headers   'accept-ranges': 'bytes',
41 verbose headers   date: 'Sat, 15 Apr 2017 12:38:04 GMT',
41 verbose headers   via: '1.1 varnish',
41 verbose headers   connection: 'keep-alive',
41 verbose headers   'x-served-by': 'cache-hhn1532-HHN',
41 verbose headers   'x-cache': 'MISS',
41 verbose headers   'x-cache-hits': '0',
41 verbose headers   'x-timer': 'S1492259883.458702,VS0,VE1303',
41 verbose headers   vary: 'Accept-Encoding' }
42 verbose request invalidating /Users/sarbull/.npm/registry.npmjs.org/ng-richtext on PUT
43 error publish Failed PUT 403
44 verbose stack Error: "You cannot publish over the previously published version 0.0.3." : ng-richtext
44 verbose stack     at makeError (/usr/local/lib/node_modules/npm/node_modules/npm-registry-client/lib/request.js:302:12)
44 verbose stack     at CachingRegistryClient.<anonymous> (/usr/local/lib/node_modules/npm/node_modules/npm-registry-client/lib/request.js:290:14)
44 verbose stack     at Request._callback (/usr/local/lib/node_modules/npm/node_modules/npm-registry-client/lib/request.js:210:14)
44 verbose stack     at Request.self.callback (/usr/local/lib/node_modules/npm/node_modules/request/request.js:186:22)
44 verbose stack     at emitTwo (events.js:106:13)
44 verbose stack     at Request.emit (events.js:191:7)
44 verbose stack     at Request.<anonymous> (/usr/local/lib/node_modules/npm/node_modules/request/request.js:1081:10)
44 verbose stack     at emitOne (events.js:96:13)
44 verbose stack     at Request.emit (events.js:188:7)
44 verbose stack     at IncomingMessage.<anonymous> (/usr/local/lib/node_modules/npm/node_modules/request/request.js:1001:12)
45 verbose statusCode 403
46 verbose pkgid ng-richtext
47 verbose cwd /Users/sarbull/work/ng-richtext
48 error Darwin 14.5.0
49 error argv "/usr/local/Cellar/node/7.4.0/bin/node" "/usr/local/bin/npm" "publish"
50 error node v7.4.0
51 error npm  v4.0.5
52 error code E403
53 error "You cannot publish over the previously published version 0.0.3." : ng-richtext
54 error If you need help, you may report this error at:
54 error     <https://github.com/npm/npm/issues>
55 verbose exit [ 1, true ]
